Analysis & Synthesis report for P-6318373
Sat Jun 16 22:51:25 2018
Quartus Prime Version 17.1.0 Build 590 10/25/2017 SJ Standard Edition


---------------------
; Table of Contents ;
---------------------
  1. Legal Notice
  2. Analysis & Synthesis Summary
  3. Analysis & Synthesis Settings
  4. Parallel Compilation
  5. Analysis & Synthesis Source Files Read
  6. Analysis & Synthesis Resource Usage Summary
  7. Analysis & Synthesis Resource Utilization by Entity
  8. State Machine - |state_machine|present_state
  9. User-Specified and Inferred Latches
 10. General Register Statistics
 11. Multiplexer Restructuring Statistics (Restructuring Performed)
 12. Post-Synthesis Netlist Statistics for Top Partition
 13. Elapsed Time Per Partition
 14. Analysis & Synthesis Messages



----------------
; Legal Notice ;
----------------
Copyright (C) 2017  Intel Corporation. All rights reserved.
Your use of Intel Corporation's design tools, logic functions 
and other software and tools, and its AMPP partner logic 
functions, and any output files from any of the foregoing 
(including device programming or simulation files), and any 
associated documentation or information are expressly subject 
to the terms and conditions of the Intel Program License 
Subscription Agreement, the Intel Quartus Prime License Agreement,
the Intel FPGA IP License Agreement, or other applicable license
agreement, including, without limitation, that your use is for
the sole purpose of programming logic devices manufactured by
Intel and sold by Intel or its authorized distributors.  Please
refer to the applicable agreement for further details.



+-----------------------------------------------------------------------------------+
; Analysis & Synthesis Summary                                                      ;
+---------------------------------+-------------------------------------------------+
; Analysis & Synthesis Status     ; Successful - Sat Jun 16 22:51:25 2018           ;
; Quartus Prime Version           ; 17.1.0 Build 590 10/25/2017 SJ Standard Edition ;
; Revision Name                   ; P-6318373                                       ;
; Top-level Entity Name           ; state_machine                                   ;
; Family                          ; Cyclone V                                       ;
; Logic utilization (in ALMs)     ; N/A                                             ;
; Total registers                 ; 49                                              ;
; Total pins                      ; 47                                              ;
; Total virtual pins              ; 0                                               ;
; Total block memory bits         ; 0                                               ;
; Total DSP Blocks                ; 0                                               ;
; Total HSSI RX PCSs              ; 0                                               ;
; Total HSSI PMA RX Deserializers ; 0                                               ;
; Total HSSI TX PCSs              ; 0                                               ;
; Total HSSI PMA TX Serializers   ; 0                                               ;
; Total PLLs                      ; 0                                               ;
; Total DLLs                      ; 0                                               ;
+---------------------------------+-------------------------------------------------+


+---------------------------------------------------------------------------------------------------------------------------+
; Analysis & Synthesis Settings                                                                                             ;
+---------------------------------------------------------------------------------+--------------------+--------------------+
; Option                                                                          ; Setting            ; Default Value      ;
+---------------------------------------------------------------------------------+--------------------+--------------------+
; Device                                                                          ; 5CGXFC7C7F23C8     ;                    ;
; Top-level entity name                                                           ; state_machine      ; P-6318373          ;
; Family name                                                                     ; Cyclone V          ; Cyclone V          ;
; Use smart compilation                                                           ; Off                ; Off                ;
; Enable parallel Assembler and TimeQuest Timing Analyzer during compilation      ; On                 ; On                 ;
; Enable compact report table                                                     ; Off                ; Off                ;
; Restructure Multiplexers                                                        ; Auto               ; Auto               ;
; MLAB Add Timing Constraints For Mixed-Port Feed-Through Mode Setting Don't Care ; Off                ; Off                ;
; Create Debugging Nodes for IP Cores                                             ; Off                ; Off                ;
; Preserve fewer node names                                                       ; On                 ; On                 ;
; Intel FPGA IP Evaluation Mode                                                   ; Enable             ; Enable             ;
; Verilog Version                                                                 ; Verilog_2001       ; Verilog_2001       ;
; VHDL Version                                                                    ; VHDL_1993          ; VHDL_1993          ;
; State Machine Processing                                                        ; Auto               ; Auto               ;
; Safe State Machine                                                              ; Off                ; Off                ;
; Extract Verilog State Machines                                                  ; On                 ; On                 ;
; Extract VHDL State Machines                                                     ; On                 ; On                 ;
; Ignore Verilog initial constructs                                               ; Off                ; Off                ;
; Iteration limit for constant Verilog loops                                      ; 5000               ; 5000               ;
; Iteration limit for non-constant Verilog loops                                  ; 250                ; 250                ;
; Add Pass-Through Logic to Inferred RAMs                                         ; On                 ; On                 ;
; Infer RAMs from Raw Logic                                                       ; On                 ; On                 ;
; Parallel Synthesis                                                              ; On                 ; On                 ;
; DSP Block Balancing                                                             ; Auto               ; Auto               ;
; NOT Gate Push-Back                                                              ; On                 ; On                 ;
; Power-Up Don't Care                                                             ; On                 ; On                 ;
; Remove Redundant Logic Cells                                                    ; Off                ; Off                ;
; Remove Duplicate Registers                                                      ; On                 ; On                 ;
; Ignore CARRY Buffers                                                            ; Off                ; Off                ;
; Ignore CASCADE Buffers                                                          ; Off                ; Off                ;
; Ignore GLOBAL Buffers                                                           ; Off                ; Off                ;
; Ignore ROW GLOBAL Buffers                                                       ; Off                ; Off                ;
; Ignore LCELL Buffers                                                            ; Off                ; Off                ;
; Ignore SOFT Buffers                                                             ; On                 ; On                 ;
; Limit AHDL Integers to 32 Bits                                                  ; Off                ; Off                ;
; Optimization Technique                                                          ; Balanced           ; Balanced           ;
; Carry Chain Length                                                              ; 70                 ; 70                 ;
; Auto Carry Chains                                                               ; On                 ; On                 ;
; Auto Open-Drain Pins                                                            ; On                 ; On                 ;
; Perform WYSIWYG Primitive Resynthesis                                           ; Off                ; Off                ;
; Auto ROM Replacement                                                            ; On                 ; On                 ;
; Auto RAM Replacement                                                            ; On                 ; On                 ;
; Auto DSP Block Replacement                                                      ; On                 ; On                 ;
; Auto Shift Register Replacement                                                 ; Auto               ; Auto               ;
; Allow Shift Register Merging across Hierarchies                                 ; Auto               ; Auto               ;
; Auto Clock Enable Replacement                                                   ; On                 ; On                 ;
; Strict RAM Replacement                                                          ; Off                ; Off                ;
; Allow Synchronous Control Signals                                               ; On                 ; On                 ;
; Force Use of Synchronous Clear Signals                                          ; Off                ; Off                ;
; Auto Resource Sharing                                                           ; Off                ; Off                ;
; Allow Any RAM Size For Recognition                                              ; Off                ; Off                ;
; Allow Any ROM Size For Recognition                                              ; Off                ; Off                ;
; Allow Any Shift Register Size For Recognition                                   ; Off                ; Off                ;
; Use LogicLock Constraints during Resource Balancing                             ; On                 ; On                 ;
; Ignore translate_off and synthesis_off directives                               ; Off                ; Off                ;
; Timing-Driven Synthesis                                                         ; On                 ; On                 ;
; Report Parameter Settings                                                       ; On                 ; On                 ;
; Report Source Assignments                                                       ; On                 ; On                 ;
; Report Connectivity Checks                                                      ; On                 ; On                 ;
; Ignore Maximum Fan-Out Assignments                                              ; Off                ; Off                ;
; Synchronization Register Chain Length                                           ; 3                  ; 3                  ;
; Power Optimization During Synthesis                                             ; Normal compilation ; Normal compilation ;
; HDL message level                                                               ; Level2             ; Level2             ;
; Suppress Register Optimization Related Messages                                 ; Off                ; Off                ;
; Number of Removed Registers Reported in Synthesis Report                        ; 5000               ; 5000               ;
; Number of Swept Nodes Reported in Synthesis Report                              ; 5000               ; 5000               ;
; Number of Inverted Registers Reported in Synthesis Report                       ; 100                ; 100                ;
; Clock MUX Protection                                                            ; On                 ; On                 ;
; Auto Gated Clock Conversion                                                     ; Off                ; Off                ;
; Block Design Naming                                                             ; Auto               ; Auto               ;
; SDC constraint protection                                                       ; Off                ; Off                ;
; Synthesis Effort                                                                ; Auto               ; Auto               ;
; Shift Register Replacement - Allow Asynchronous Clear Signal                    ; On                 ; On                 ;
; Pre-Mapping Resynthesis Optimization                                            ; Off                ; Off                ;
; Analysis & Synthesis Message Level                                              ; Medium             ; Medium             ;
; Disable Register Merging Across Hierarchies                                     ; Auto               ; Auto               ;
; Resource Aware Inference For Block RAM                                          ; On                 ; On                 ;
; Automatic Parallel Synthesis                                                    ; On                 ; On                 ;
; Partial Reconfiguration Bitstream ID                                            ; Off                ; Off                ;
+---------------------------------------------------------------------------------+--------------------+--------------------+


+------------------------------------------+
; Parallel Compilation                     ;
+----------------------------+-------------+
; Processors                 ; Number      ;
+----------------------------+-------------+
; Number detected on machine ; 4           ;
; Maximum allowed            ; 2           ;
;                            ;             ;
; Average used               ; 1.00        ;
; Maximum used               ; 2           ;
;                            ;             ;
; Usage by Processor         ; % Time Used ;
;     Processor 1            ; 100.0%      ;
;     Processor 2            ;   0.0%      ;
+----------------------------+-------------+


+------------------------------------------------------------------------------------------------------------------------------------------+
; Analysis & Synthesis Source Files Read                                                                                                   ;
+----------------------------------+-----------------+-----------------------+---------------------------------------------------+---------+
; File Name with User-Entered Path ; Used in Netlist ; File Type             ; File Name with Absolute Path                      ; Library ;
+----------------------------------+-----------------+-----------------------+---------------------------------------------------+---------+
; state_machine.vhd                ; yes             ; Auto-Found VHDL File  ; D:/quartus2/installed/P-6318373/state_machine.vhd ;         ;
; my_dff.vhd                       ; yes             ; Auto-Found VHDL File  ; D:/quartus2/installed/P-6318373/my_dff.vhd        ;         ;
+----------------------------------+-----------------+-----------------------+---------------------------------------------------+---------+


+-------------------------------------------------------------+
; Analysis & Synthesis Resource Usage Summary                 ;
+---------------------------------------------+---------------+
; Resource                                    ; Usage         ;
+---------------------------------------------+---------------+
; Estimate of Logic utilization (ALMs needed) ; 81            ;
;                                             ;               ;
; Combinational ALUT usage for logic          ; 138           ;
;     -- 7 input functions                    ; 0             ;
;     -- 6 input functions                    ; 23            ;
;     -- 5 input functions                    ; 24            ;
;     -- 4 input functions                    ; 2             ;
;     -- <=3 input functions                  ; 89            ;
;                                             ;               ;
; Dedicated logic registers                   ; 49            ;
;                                             ;               ;
; I/O pins                                    ; 47            ;
;                                             ;               ;
; Total DSP Blocks                            ; 0             ;
;                                             ;               ;
; Maximum fan-out node                        ; clock_i~input ;
; Maximum fan-out                             ; 49            ;
; Total fan-out                               ; 651           ;
; Average fan-out                             ; 2.32          ;
+---------------------------------------------+---------------+


+-----------------------------------------------------------------------------------------------------------------------------------------------------------------------------------------------+
; Analysis & Synthesis Resource Utilization by Entity                                                                                                                                           ;
+----------------------------+---------------------+---------------------------+-------------------+------------+------+--------------+--------------------------+---------------+--------------+
; Compilation Hierarchy Node ; Combinational ALUTs ; Dedicated Logic Registers ; Block Memory Bits ; DSP Blocks ; Pins ; Virtual Pins ; Full Hierarchy Name      ; Entity Name   ; Library Name ;
+----------------------------+---------------------+---------------------------+-------------------+------------+------+--------------+--------------------------+---------------+--------------+
; |state_machine             ; 138 (138)           ; 49 (48)                   ; 0                 ; 0          ; 47   ; 0            ; |state_machine           ; state_machine ; work         ;
;    |my_dff:u1|             ; 0 (0)               ; 1 (1)                     ; 0                 ; 0          ; 0    ; 0            ; |state_machine|my_dff:u1 ; my_dff        ; work         ;
+----------------------------+---------------------+---------------------------+-------------------+------------+------+--------------+--------------------------+---------------+--------------+
Note: For table entries with two numbers listed, the numbers in parentheses indicate the number of resources of the given type used by the specific entity alone. The numbers listed outside of parentheses indicate the total resources of the given type used by the specific entity and all of its sub-entities in the hierarchy.


Encoding Type:  One-Hot
+------------------------------------------------------------------------------------------------------------------------------------------------------------------------------+
; State Machine - |state_machine|present_state                                                                                                                                 ;
+--------------------+------------------+------------------+------------------+------------------+------------------+------------------+------------------+--------------------+
; Name               ; present_state.Wy ; present_state.Wb ; present_state.Ww ; present_state.Ry ; present_state.Rx ; present_state.Rb ; present_state.Rw ; present_state.IDLE ;
+--------------------+------------------+------------------+------------------+------------------+------------------+------------------+------------------+--------------------+
; present_state.IDLE ; 0                ; 0                ; 0                ; 0                ; 0                ; 0                ; 0                ; 0                  ;
; present_state.Rw   ; 0                ; 0                ; 0                ; 0                ; 0                ; 0                ; 1                ; 1                  ;
; present_state.Rb   ; 0                ; 0                ; 0                ; 0                ; 0                ; 1                ; 0                ; 1                  ;
; present_state.Rx   ; 0                ; 0                ; 0                ; 0                ; 1                ; 0                ; 0                ; 1                  ;
; present_state.Ry   ; 0                ; 0                ; 0                ; 1                ; 0                ; 0                ; 0                ; 1                  ;
; present_state.Ww   ; 0                ; 0                ; 1                ; 0                ; 0                ; 0                ; 0                ; 1                  ;
; present_state.Wb   ; 0                ; 1                ; 0                ; 0                ; 0                ; 0                ; 0                ; 1                  ;
; present_state.Wy   ; 1                ; 0                ; 0                ; 0                ; 0                ; 0                ; 0                ; 1                  ;
+--------------------+------------------+------------------+------------------+------------------+------------------+------------------+------------------+--------------------+


+----------------------------------------------------------------------------------------------------+
; User-Specified and Inferred Latches                                                                ;
+-----------------------------------------------------+---------------------+------------------------+
; Latch Name                                          ; Latch Enable Signal ; Free of Timing Hazards ;
+-----------------------------------------------------+---------------------+------------------------+
; next_state.Ww_1186                                  ; Selector58          ; yes                    ;
; next_state.Wb_1172                                  ; Selector58          ; yes                    ;
; next_state.Wy_1158                                  ; Selector58          ; yes                    ;
; next_addr[0]                                        ; Selector3           ; yes                    ;
; next_addr[1]                                        ; Selector3           ; yes                    ;
; next_addr[2]                                        ; Selector3           ; yes                    ;
; next_addr[3]                                        ; Selector3           ; yes                    ;
; next_addr[4]                                        ; Selector3           ; yes                    ;
; next_addr[5]                                        ; Selector3           ; yes                    ;
; next_addr[6]                                        ; Selector3           ; yes                    ;
; next_addr[7]                                        ; Selector3           ; yes                    ;
; next_addr[8]                                        ; Selector3           ; yes                    ;
; next_addr[9]                                        ; Selector3           ; yes                    ;
; next_state.IDLE_1256                                ; Selector58          ; yes                    ;
; next_state.Rw_1242                                  ; Selector58          ; yes                    ;
; next_addr_w[0]                                      ; Selector3           ; yes                    ;
; next_addr_r[0]                                      ; Selector3           ; yes                    ;
; next_addr_w[1]                                      ; Selector3           ; yes                    ;
; next_addr_r[1]                                      ; Selector3           ; yes                    ;
; next_addr_w[2]                                      ; Selector3           ; yes                    ;
; next_addr_r[2]                                      ; Selector3           ; yes                    ;
; next_addr_w[3]                                      ; Selector3           ; yes                    ;
; next_addr_r[3]                                      ; Selector3           ; yes                    ;
; next_addr_w[4]                                      ; Selector3           ; yes                    ;
; next_addr_r[4]                                      ; Selector3           ; yes                    ;
; next_addr_w[5]                                      ; Selector3           ; yes                    ;
; next_addr_r[5]                                      ; Selector3           ; yes                    ;
; next_addr_w[6]                                      ; Selector3           ; yes                    ;
; next_addr_r[6]                                      ; Selector3           ; yes                    ;
; next_addr_w[7]                                      ; Selector3           ; yes                    ;
; next_addr_r[7]                                      ; Selector3           ; yes                    ;
; next_addr_w[8]                                      ; Selector3           ; yes                    ;
; next_addr_r[8]                                      ; Selector3           ; yes                    ;
; next_addr_w[9]                                      ; Selector3           ; yes                    ;
; next_addr_r[9]                                      ; Selector3           ; yes                    ;
; next_sig[0]                                         ; Selector58          ; yes                    ;
; next_sig[1]                                         ; Selector58          ; yes                    ;
; next_sig[2]                                         ; Selector58          ; yes                    ;
; next_sig[3]                                         ; Selector58          ; yes                    ;
; next_sig[4]                                         ; Selector58          ; yes                    ;
; next_sig[5]                                         ; Selector58          ; yes                    ;
; next_sig[6]                                         ; Selector58          ; yes                    ;
; next_sig[7]                                         ; Selector58          ; yes                    ;
; next_sig[8]                                         ; Selector58          ; yes                    ;
; next_sig[9]                                         ; Selector58          ; yes                    ;
; next_state.Ry_1200                                  ; Selector58          ; yes                    ;
; next_state.Rx_1214                                  ; Selector58          ; yes                    ;
; next_state.Rb_1228                                  ; Selector58          ; yes                    ;
; Number of user-specified and inferred latches = 48  ;                     ;                        ;
+-----------------------------------------------------+---------------------+------------------------+
Note: All latches listed above may not be present at the end of synthesis due to various synthesis optimizations.


+------------------------------------------------------+
; General Register Statistics                          ;
+----------------------------------------------+-------+
; Statistic                                    ; Value ;
+----------------------------------------------+-------+
; Total registers                              ; 49    ;
; Number of registers using Synchronous Clear  ; 0     ;
; Number of registers using Synchronous Load   ; 0     ;
; Number of registers using Asynchronous Clear ; 0     ;
; Number of registers using Asynchronous Load  ; 0     ;
; Number of registers using Clock Enable       ; 0     ;
; Number of registers using Preset             ; 0     ;
+----------------------------------------------+-------+


+------------------------------------------------------------------------------------------------------------------------------------------+
; Multiplexer Restructuring Statistics (Restructuring Performed)                                                                           ;
+--------------------+-----------+---------------+----------------------+------------------------+------------+----------------------------+
; Multiplexer Inputs ; Bus Width ; Baseline Area ; Area if Restructured ; Saving if Restructured ; Registered ; Example Multiplexer Output ;
+--------------------+-----------+---------------+----------------------+------------------------+------------+----------------------------+
; 6:1                ; 10 bits   ; 40 LEs        ; 20 LEs               ; 20 LEs                 ; No         ; |state_machine|Selector34  ;
; 7:1                ; 10 bits   ; 40 LEs        ; 10 LEs               ; 30 LEs                 ; No         ; |state_machine|Selector4   ;
; 9:1                ; 10 bits   ; 60 LEs        ; 20 LEs               ; 40 LEs                 ; No         ; |state_machine|Selector23  ;
; 9:1                ; 10 bits   ; 60 LEs        ; 20 LEs               ; 40 LEs                 ; No         ; |state_machine|Selector12  ;
+--------------------+-----------+---------------+----------------------+------------------------+------------+----------------------------+


+-----------------------------------------------------+
; Post-Synthesis Netlist Statistics for Top Partition ;
+-----------------------+-----------------------------+
; Type                  ; Count                       ;
+-----------------------+-----------------------------+
; arriav_ff             ; 49                          ;
;     plain             ; 49                          ;
; arriav_lcell_comb     ; 138                         ;
;     arith             ; 30                          ;
;         1 data inputs ; 30                          ;
;     normal            ; 108                         ;
;         1 data inputs ; 1                           ;
;         2 data inputs ; 5                           ;
;         3 data inputs ; 53                          ;
;         4 data inputs ; 2                           ;
;         5 data inputs ; 24                          ;
;         6 data inputs ; 23                          ;
; boundary_port         ; 47                          ;
;                       ;                             ;
; Max LUT depth         ; 4.00                        ;
; Average LUT depth     ; 2.88                        ;
+-----------------------+-----------------------------+


+-------------------------------+
; Elapsed Time Per Partition    ;
+----------------+--------------+
; Partition Name ; Elapsed Time ;
+----------------+--------------+
; Top            ; 00:00:01     ;
+----------------+--------------+


+-------------------------------+
; Analysis & Synthesis Messages ;
+-------------------------------+
Info: *******************************************************************
Info: Running Quartus Prime Analysis & Synthesis
    Info: Version 17.1.0 Build 590 10/25/2017 SJ Standard Edition
    Info: Processing started: Sat Jun 16 22:51:05 2018
Info: Command: quartus_map --read_settings_files=on --write_settings_files=off P-6318373 -c P-6318373
Warning (18236): Number of processors has not been specified which may cause overloading on shared machines.  Set the global assignment NUM_PARALLEL_PROCESSORS in your QSF to an appropriate value for best performance.
Info (20030): Parallel compilation is enabled and will use 2 of the 2 processors detected
Warning (12125): Using design file state_machine.vhd, which is not specified as a design file for the current project, but contains definitions for 2 design units and 1 entities in project
    Info (12022): Found design unit 1: state_machine-LW File: D:/quartus2/installed/P-6318373/state_machine.vhd Line: 24
    Info (12023): Found entity 1: state_machine File: D:/quartus2/installed/P-6318373/state_machine.vhd Line: 5
Info (12127): Elaborating entity "state_machine" for the top level hierarchy
Warning (10492): VHDL Process Statement warning at state_machine.vhd(60): signal "block_size" is read inside the Process Statement but isn't in the Process Statement's sensitivity list File: D:/quartus2/installed/P-6318373/state_machine.vhd Line: 60
Warning (10492): VHDL Process Statement warning at state_machine.vhd(61): signal "start_addr" is read inside the Process Statement but isn't in the Process Statement's sensitivity list File: D:/quartus2/installed/P-6318373/state_machine.vhd Line: 61
Warning (10492): VHDL Process Statement warning at state_machine.vhd(62): signal "result_addr" is read inside the Process Statement but isn't in the Process Statement's sensitivity list File: D:/quartus2/installed/P-6318373/state_machine.vhd Line: 62
Warning (10492): VHDL Process Statement warning at state_machine.vhd(63): signal "next_addr_w" is read inside the Process Statement but isn't in the Process Statement's sensitivity list File: D:/quartus2/installed/P-6318373/state_machine.vhd Line: 63
Warning (10492): VHDL Process Statement warning at state_machine.vhd(68): signal "addr_r" is read inside the Process Statement but isn't in the Process Statement's sensitivity list File: D:/quartus2/installed/P-6318373/state_machine.vhd Line: 68
Warning (10492): VHDL Process Statement warning at state_machine.vhd(69): signal "addr_w" is read inside the Process Statement but isn't in the Process Statement's sensitivity list File: D:/quartus2/installed/P-6318373/state_machine.vhd Line: 69
Warning (10492): VHDL Process Statement warning at state_machine.vhd(70): signal "next_addr_w" is read inside the Process Statement but isn't in the Process Statement's sensitivity list File: D:/quartus2/installed/P-6318373/state_machine.vhd Line: 70
Warning (10492): VHDL Process Statement warning at state_machine.vhd(74): signal "addr_r" is read inside the Process Statement but isn't in the Process Statement's sensitivity list File: D:/quartus2/installed/P-6318373/state_machine.vhd Line: 74
Warning (10492): VHDL Process Statement warning at state_machine.vhd(75): signal "addr_w" is read inside the Process Statement but isn't in the Process Statement's sensitivity list File: D:/quartus2/installed/P-6318373/state_machine.vhd Line: 75
Warning (10492): VHDL Process Statement warning at state_machine.vhd(76): signal "next_addr_r" is read inside the Process Statement but isn't in the Process Statement's sensitivity list File: D:/quartus2/installed/P-6318373/state_machine.vhd Line: 76
Warning (10492): VHDL Process Statement warning at state_machine.vhd(81): signal "addr_r" is read inside the Process Statement but isn't in the Process Statement's sensitivity list File: D:/quartus2/installed/P-6318373/state_machine.vhd Line: 81
Warning (10492): VHDL Process Statement warning at state_machine.vhd(82): signal "addr_w" is read inside the Process Statement but isn't in the Process Statement's sensitivity list File: D:/quartus2/installed/P-6318373/state_machine.vhd Line: 82
Warning (10492): VHDL Process Statement warning at state_machine.vhd(83): signal "next_addr_r" is read inside the Process Statement but isn't in the Process Statement's sensitivity list File: D:/quartus2/installed/P-6318373/state_machine.vhd Line: 83
Warning (10492): VHDL Process Statement warning at state_machine.vhd(87): signal "addr_r" is read inside the Process Statement but isn't in the Process Statement's sensitivity list File: D:/quartus2/installed/P-6318373/state_machine.vhd Line: 87
Warning (10492): VHDL Process Statement warning at state_machine.vhd(88): signal "addr_w" is read inside the Process Statement but isn't in the Process Statement's sensitivity list File: D:/quartus2/installed/P-6318373/state_machine.vhd Line: 88
Warning (10492): VHDL Process Statement warning at state_machine.vhd(89): signal "next_addr_w" is read inside the Process Statement but isn't in the Process Statement's sensitivity list File: D:/quartus2/installed/P-6318373/state_machine.vhd Line: 89
Warning (10492): VHDL Process Statement warning at state_machine.vhd(95): signal "result_addr" is read inside the Process Statement but isn't in the Process Statement's sensitivity list File: D:/quartus2/installed/P-6318373/state_machine.vhd Line: 95
Warning (10492): VHDL Process Statement warning at state_machine.vhd(96): signal "addr_r" is read inside the Process Statement but isn't in the Process Statement's sensitivity list File: D:/quartus2/installed/P-6318373/state_machine.vhd Line: 96
Warning (10492): VHDL Process Statement warning at state_machine.vhd(97): signal "next_addr_w" is read inside the Process Statement but isn't in the Process Statement's sensitivity list File: D:/quartus2/installed/P-6318373/state_machine.vhd Line: 97
Warning (10492): VHDL Process Statement warning at state_machine.vhd(101): signal "addr_r" is read inside the Process Statement but isn't in the Process Statement's sensitivity list File: D:/quartus2/installed/P-6318373/state_machine.vhd Line: 101
Warning (10492): VHDL Process Statement warning at state_machine.vhd(102): signal "addr_w" is read inside the Process Statement but isn't in the Process Statement's sensitivity list File: D:/quartus2/installed/P-6318373/state_machine.vhd Line: 102
Warning (10492): VHDL Process Statement warning at state_machine.vhd(103): signal "next_addr_r" is read inside the Process Statement but isn't in the Process Statement's sensitivity list File: D:/quartus2/installed/P-6318373/state_machine.vhd Line: 103
Warning (10492): VHDL Process Statement warning at state_machine.vhd(108): signal "addr_r" is read inside the Process Statement but isn't in the Process Statement's sensitivity list File: D:/quartus2/installed/P-6318373/state_machine.vhd Line: 108
Warning (10492): VHDL Process Statement warning at state_machine.vhd(109): signal "addr_w" is read inside the Process Statement but isn't in the Process Statement's sensitivity list File: D:/quartus2/installed/P-6318373/state_machine.vhd Line: 109
Warning (10492): VHDL Process Statement warning at state_machine.vhd(110): signal "next_addr_w" is read inside the Process Statement but isn't in the Process Statement's sensitivity list File: D:/quartus2/installed/P-6318373/state_machine.vhd Line: 110
Warning (10492): VHDL Process Statement warning at state_machine.vhd(114): signal "start_addr" is read inside the Process Statement but isn't in the Process Statement's sensitivity list File: D:/quartus2/installed/P-6318373/state_machine.vhd Line: 114
Warning (10492): VHDL Process Statement warning at state_machine.vhd(115): signal "result_addr" is read inside the Process Statement but isn't in the Process Statement's sensitivity list File: D:/quartus2/installed/P-6318373/state_machine.vhd Line: 115
Warning (10492): VHDL Process Statement warning at state_machine.vhd(116): signal "next_addr_r" is read inside the Process Statement but isn't in the Process Statement's sensitivity list File: D:/quartus2/installed/P-6318373/state_machine.vhd Line: 116
Warning (10492): VHDL Process Statement warning at state_machine.vhd(122): signal "start_addr" is read inside the Process Statement but isn't in the Process Statement's sensitivity list File: D:/quartus2/installed/P-6318373/state_machine.vhd Line: 122
Warning (10492): VHDL Process Statement warning at state_machine.vhd(123): signal "result_addr" is read inside the Process Statement but isn't in the Process Statement's sensitivity list File: D:/quartus2/installed/P-6318373/state_machine.vhd Line: 123
Warning (10492): VHDL Process Statement warning at state_machine.vhd(124): signal "next_addr_r" is read inside the Process Statement but isn't in the Process Statement's sensitivity list File: D:/quartus2/installed/P-6318373/state_machine.vhd Line: 124
Warning (10492): VHDL Process Statement warning at state_machine.vhd(129): signal "addr_r" is read inside the Process Statement but isn't in the Process Statement's sensitivity list File: D:/quartus2/installed/P-6318373/state_machine.vhd Line: 129
Warning (10492): VHDL Process Statement warning at state_machine.vhd(130): signal "addr_w" is read inside the Process Statement but isn't in the Process Statement's sensitivity list File: D:/quartus2/installed/P-6318373/state_machine.vhd Line: 130
Warning (10492): VHDL Process Statement warning at state_machine.vhd(131): signal "next_addr_r" is read inside the Process Statement but isn't in the Process Statement's sensitivity list File: D:/quartus2/installed/P-6318373/state_machine.vhd Line: 131
Warning (10631): VHDL Process Statement warning at state_machine.vhd(48): inferring latch(es) for signal or variable "next_state", which holds its previous value in one or more paths through the process File: D:/quartus2/installed/P-6318373/state_machine.vhd Line: 48
Warning (10631): VHDL Process Statement warning at state_machine.vhd(48): inferring latch(es) for signal or variable "next_sig", which holds its previous value in one or more paths through the process File: D:/quartus2/installed/P-6318373/state_machine.vhd Line: 48
Warning (10631): VHDL Process Statement warning at state_machine.vhd(48): inferring latch(es) for signal or variable "next_addr_r", which holds its previous value in one or more paths through the process File: D:/quartus2/installed/P-6318373/state_machine.vhd Line: 48
Warning (10631): VHDL Process Statement warning at state_machine.vhd(48): inferring latch(es) for signal or variable "next_addr_w", which holds its previous value in one or more paths through the process File: D:/quartus2/installed/P-6318373/state_machine.vhd Line: 48
Warning (10631): VHDL Process Statement warning at state_machine.vhd(48): inferring latch(es) for signal or variable "next_addr", which holds its previous value in one or more paths through the process File: D:/quartus2/installed/P-6318373/state_machine.vhd Line: 48
Warning (10492): VHDL Process Statement warning at state_machine.vhd(141): signal "addr_s" is read inside the Process Statement but isn't in the Process Statement's sensitivity list File: D:/quartus2/installed/P-6318373/state_machine.vhd Line: 141
Warning (10492): VHDL Process Statement warning at state_machine.vhd(147): signal "addr_s" is read inside the Process Statement but isn't in the Process Statement's sensitivity list File: D:/quartus2/installed/P-6318373/state_machine.vhd Line: 147
Warning (10492): VHDL Process Statement warning at state_machine.vhd(153): signal "addr_s" is read inside the Process Statement but isn't in the Process Statement's sensitivity list File: D:/quartus2/installed/P-6318373/state_machine.vhd Line: 153
Warning (10492): VHDL Process Statement warning at state_machine.vhd(159): signal "addr_s" is read inside the Process Statement but isn't in the Process Statement's sensitivity list File: D:/quartus2/installed/P-6318373/state_machine.vhd Line: 159
Warning (10492): VHDL Process Statement warning at state_machine.vhd(165): signal "addr_s" is read inside the Process Statement but isn't in the Process Statement's sensitivity list File: D:/quartus2/installed/P-6318373/state_machine.vhd Line: 165
Warning (10492): VHDL Process Statement warning at state_machine.vhd(171): signal "addr_s" is read inside the Process Statement but isn't in the Process Statement's sensitivity list File: D:/quartus2/installed/P-6318373/state_machine.vhd Line: 171
Warning (10492): VHDL Process Statement warning at state_machine.vhd(177): signal "addr_s" is read inside the Process Statement but isn't in the Process Statement's sensitivity list File: D:/quartus2/installed/P-6318373/state_machine.vhd Line: 177
Warning (10492): VHDL Process Statement warning at state_machine.vhd(183): signal "addr_s" is read inside the Process Statement but isn't in the Process Statement's sensitivity list File: D:/quartus2/installed/P-6318373/state_machine.vhd Line: 183
Info (10041): Inferred latch for "next_addr[0]" at state_machine.vhd(48) File: D:/quartus2/installed/P-6318373/state_machine.vhd Line: 48
Info (10041): Inferred latch for "next_addr[1]" at state_machine.vhd(48) File: D:/quartus2/installed/P-6318373/state_machine.vhd Line: 48
Info (10041): Inferred latch for "next_addr[2]" at state_machine.vhd(48) File: D:/quartus2/installed/P-6318373/state_machine.vhd Line: 48
Info (10041): Inferred latch for "next_addr[3]" at state_machine.vhd(48) File: D:/quartus2/installed/P-6318373/state_machine.vhd Line: 48
Info (10041): Inferred latch for "next_addr[4]" at state_machine.vhd(48) File: D:/quartus2/installed/P-6318373/state_machine.vhd Line: 48
Info (10041): Inferred latch for "next_addr[5]" at state_machine.vhd(48) File: D:/quartus2/installed/P-6318373/state_machine.vhd Line: 48
Info (10041): Inferred latch for "next_addr[6]" at state_machine.vhd(48) File: D:/quartus2/installed/P-6318373/state_machine.vhd Line: 48
Info (10041): Inferred latch for "next_addr[7]" at state_machine.vhd(48) File: D:/quartus2/installed/P-6318373/state_machine.vhd Line: 48
Info (10041): Inferred latch for "next_addr[8]" at state_machine.vhd(48) File: D:/quartus2/installed/P-6318373/state_machine.vhd Line: 48
Info (10041): Inferred latch for "next_addr[9]" at state_machine.vhd(48) File: D:/quartus2/installed/P-6318373/state_machine.vhd Line: 48
Info (10041): Inferred latch for "next_addr_w[0]" at state_machine.vhd(48) File: D:/quartus2/installed/P-6318373/state_machine.vhd Line: 48
Info (10041): Inferred latch for "next_addr_w[1]" at state_machine.vhd(48) File: D:/quartus2/installed/P-6318373/state_machine.vhd Line: 48
Info (10041): Inferred latch for "next_addr_w[2]" at state_machine.vhd(48) File: D:/quartus2/installed/P-6318373/state_machine.vhd Line: 48
Info (10041): Inferred latch for "next_addr_w[3]" at state_machine.vhd(48) File: D:/quartus2/installed/P-6318373/state_machine.vhd Line: 48
Info (10041): Inferred latch for "next_addr_w[4]" at state_machine.vhd(48) File: D:/quartus2/installed/P-6318373/state_machine.vhd Line: 48
Info (10041): Inferred latch for "next_addr_w[5]" at state_machine.vhd(48) File: D:/quartus2/installed/P-6318373/state_machine.vhd Line: 48
Info (10041): Inferred latch for "next_addr_w[6]" at state_machine.vhd(48) File: D:/quartus2/installed/P-6318373/state_machine.vhd Line: 48
Info (10041): Inferred latch for "next_addr_w[7]" at state_machine.vhd(48) File: D:/quartus2/installed/P-6318373/state_machine.vhd Line: 48
Info (10041): Inferred latch for "next_addr_w[8]" at state_machine.vhd(48) File: D:/quartus2/installed/P-6318373/state_machine.vhd Line: 48
Info (10041): Inferred latch for "next_addr_w[9]" at state_machine.vhd(48) File: D:/quartus2/installed/P-6318373/state_machine.vhd Line: 48
Info (10041): Inferred latch for "next_addr_r[0]" at state_machine.vhd(48) File: D:/quartus2/installed/P-6318373/state_machine.vhd Line: 48
Info (10041): Inferred latch for "next_addr_r[1]" at state_machine.vhd(48) File: D:/quartus2/installed/P-6318373/state_machine.vhd Line: 48
Info (10041): Inferred latch for "next_addr_r[2]" at state_machine.vhd(48) File: D:/quartus2/installed/P-6318373/state_machine.vhd Line: 48
Info (10041): Inferred latch for "next_addr_r[3]" at state_machine.vhd(48) File: D:/quartus2/installed/P-6318373/state_machine.vhd Line: 48
Info (10041): Inferred latch for "next_addr_r[4]" at state_machine.vhd(48) File: D:/quartus2/installed/P-6318373/state_machine.vhd Line: 48
Info (10041): Inferred latch for "next_addr_r[5]" at state_machine.vhd(48) File: D:/quartus2/installed/P-6318373/state_machine.vhd Line: 48
Info (10041): Inferred latch for "next_addr_r[6]" at state_machine.vhd(48) File: D:/quartus2/installed/P-6318373/state_machine.vhd Line: 48
Info (10041): Inferred latch for "next_addr_r[7]" at state_machine.vhd(48) File: D:/quartus2/installed/P-6318373/state_machine.vhd Line: 48
Info (10041): Inferred latch for "next_addr_r[8]" at state_machine.vhd(48) File: D:/quartus2/installed/P-6318373/state_machine.vhd Line: 48
Info (10041): Inferred latch for "next_addr_r[9]" at state_machine.vhd(48) File: D:/quartus2/installed/P-6318373/state_machine.vhd Line: 48
Info (10041): Inferred latch for "next_sig[0]" at state_machine.vhd(48) File: D:/quartus2/installed/P-6318373/state_machine.vhd Line: 48
Info (10041): Inferred latch for "next_sig[1]" at state_machine.vhd(48) File: D:/quartus2/installed/P-6318373/state_machine.vhd Line: 48
Info (10041): Inferred latch for "next_sig[2]" at state_machine.vhd(48) File: D:/quartus2/installed/P-6318373/state_machine.vhd Line: 48
Info (10041): Inferred latch for "next_sig[3]" at state_machine.vhd(48) File: D:/quartus2/installed/P-6318373/state_machine.vhd Line: 48
Info (10041): Inferred latch for "next_sig[4]" at state_machine.vhd(48) File: D:/quartus2/installed/P-6318373/state_machine.vhd Line: 48
Info (10041): Inferred latch for "next_sig[5]" at state_machine.vhd(48) File: D:/quartus2/installed/P-6318373/state_machine.vhd Line: 48
Info (10041): Inferred latch for "next_sig[6]" at state_machine.vhd(48) File: D:/quartus2/installed/P-6318373/state_machine.vhd Line: 48
Info (10041): Inferred latch for "next_sig[7]" at state_machine.vhd(48) File: D:/quartus2/installed/P-6318373/state_machine.vhd Line: 48
Info (10041): Inferred latch for "next_sig[8]" at state_machine.vhd(48) File: D:/quartus2/installed/P-6318373/state_machine.vhd Line: 48
Info (10041): Inferred latch for "next_sig[9]" at state_machine.vhd(48) File: D:/quartus2/installed/P-6318373/state_machine.vhd Line: 48
Info (10041): Inferred latch for "next_state.Wy" at state_machine.vhd(48) File: D:/quartus2/installed/P-6318373/state_machine.vhd Line: 48
Info (10041): Inferred latch for "next_state.Wb" at state_machine.vhd(48) File: D:/quartus2/installed/P-6318373/state_machine.vhd Line: 48
Info (10041): Inferred latch for "next_state.Ww" at state_machine.vhd(48) File: D:/quartus2/installed/P-6318373/state_machine.vhd Line: 48
Info (10041): Inferred latch for "next_state.Ry" at state_machine.vhd(48) File: D:/quartus2/installed/P-6318373/state_machine.vhd Line: 48
Info (10041): Inferred latch for "next_state.Rx" at state_machine.vhd(48) File: D:/quartus2/installed/P-6318373/state_machine.vhd Line: 48
Info (10041): Inferred latch for "next_state.Rb" at state_machine.vhd(48) File: D:/quartus2/installed/P-6318373/state_machine.vhd Line: 48
Info (10041): Inferred latch for "next_state.Rw" at state_machine.vhd(48) File: D:/quartus2/installed/P-6318373/state_machine.vhd Line: 48
Info (10041): Inferred latch for "next_state.IDLE" at state_machine.vhd(48) File: D:/quartus2/installed/P-6318373/state_machine.vhd Line: 48
Warning (12125): Using design file my_dff.vhd, which is not specified as a design file for the current project, but contains definitions for 2 design units and 1 entities in project
    Info (12022): Found design unit 1: my_dff-behavior File: D:/quartus2/installed/P-6318373/my_dff.vhd Line: 10
    Info (12023): Found entity 1: my_dff File: D:/quartus2/installed/P-6318373/my_dff.vhd Line: 5
Info (12128): Elaborating entity "my_dff" for hierarchy "my_dff:u1" File: D:/quartus2/installed/P-6318373/state_machine.vhd Line: 36
Warning (13012): Latch next_state.IDLE_1256 has unsafe behavior File: D:/quartus2/installed/P-6318373/state_machine.vhd Line: 48
    Warning (13013): Ports D and ENA on the latch are fed by the same signal run_i File: D:/quartus2/installed/P-6318373/state_machine.vhd Line: 9
Warning (13012): Latch next_state.Rw_1242 has unsafe behavior File: D:/quartus2/installed/P-6318373/state_machine.vhd Line: 48
    Warning (13013): Ports D and ENA on the latch are fed by the same signal run_i File: D:/quartus2/installed/P-6318373/state_machine.vhd Line: 9
Warning (13012): Latch next_addr_w[0] has unsafe behavior File: D:/quartus2/installed/P-6318373/state_machine.vhd Line: 48
    Warning (13013): Ports D and ENA on the latch are fed by the same signal present_state.IDLE File: D:/quartus2/installed/P-6318373/state_machine.vhd Line: 32
Warning (13012): Latch next_addr_r[0] has unsafe behavior File: D:/quartus2/installed/P-6318373/state_machine.vhd Line: 48
    Warning (13013): Ports D and ENA on the latch are fed by the same signal present_state.IDLE File: D:/quartus2/installed/P-6318373/state_machine.vhd Line: 32
Warning (13012): Latch next_addr_w[1] has unsafe behavior File: D:/quartus2/installed/P-6318373/state_machine.vhd Line: 48
    Warning (13013): Ports D and ENA on the latch are fed by the same signal present_state.IDLE File: D:/quartus2/installed/P-6318373/state_machine.vhd Line: 32
Warning (13012): Latch next_addr_r[1] has unsafe behavior File: D:/quartus2/installed/P-6318373/state_machine.vhd Line: 48
    Warning (13013): Ports D and ENA on the latch are fed by the same signal present_state.IDLE File: D:/quartus2/installed/P-6318373/state_machine.vhd Line: 32
Warning (13012): Latch next_addr_w[2] has unsafe behavior File: D:/quartus2/installed/P-6318373/state_machine.vhd Line: 48
    Warning (13013): Ports D and ENA on the latch are fed by the same signal present_state.IDLE File: D:/quartus2/installed/P-6318373/state_machine.vhd Line: 32
Warning (13012): Latch next_addr_r[2] has unsafe behavior File: D:/quartus2/installed/P-6318373/state_machine.vhd Line: 48
    Warning (13013): Ports D and ENA on the latch are fed by the same signal present_state.IDLE File: D:/quartus2/installed/P-6318373/state_machine.vhd Line: 32
Warning (13012): Latch next_addr_w[3] has unsafe behavior File: D:/quartus2/installed/P-6318373/state_machine.vhd Line: 48
    Warning (13013): Ports D and ENA on the latch are fed by the same signal present_state.IDLE File: D:/quartus2/installed/P-6318373/state_machine.vhd Line: 32
Warning (13012): Latch next_addr_r[3] has unsafe behavior File: D:/quartus2/installed/P-6318373/state_machine.vhd Line: 48
    Warning (13013): Ports D and ENA on the latch are fed by the same signal present_state.IDLE File: D:/quartus2/installed/P-6318373/state_machine.vhd Line: 32
Warning (13012): Latch next_addr_w[4] has unsafe behavior File: D:/quartus2/installed/P-6318373/state_machine.vhd Line: 48
    Warning (13013): Ports D and ENA on the latch are fed by the same signal present_state.IDLE File: D:/quartus2/installed/P-6318373/state_machine.vhd Line: 32
Warning (13012): Latch next_addr_r[4] has unsafe behavior File: D:/quartus2/installed/P-6318373/state_machine.vhd Line: 48
    Warning (13013): Ports D and ENA on the latch are fed by the same signal present_state.IDLE File: D:/quartus2/installed/P-6318373/state_machine.vhd Line: 32
Warning (13012): Latch next_addr_w[5] has unsafe behavior File: D:/quartus2/installed/P-6318373/state_machine.vhd Line: 48
    Warning (13013): Ports D and ENA on the latch are fed by the same signal present_state.IDLE File: D:/quartus2/installed/P-6318373/state_machine.vhd Line: 32
Warning (13012): Latch next_addr_r[5] has unsafe behavior File: D:/quartus2/installed/P-6318373/state_machine.vhd Line: 48
    Warning (13013): Ports D and ENA on the latch are fed by the same signal present_state.IDLE File: D:/quartus2/installed/P-6318373/state_machine.vhd Line: 32
Warning (13012): Latch next_addr_w[6] has unsafe behavior File: D:/quartus2/installed/P-6318373/state_machine.vhd Line: 48
    Warning (13013): Ports D and ENA on the latch are fed by the same signal present_state.IDLE File: D:/quartus2/installed/P-6318373/state_machine.vhd Line: 32
Warning (13012): Latch next_addr_r[6] has unsafe behavior File: D:/quartus2/installed/P-6318373/state_machine.vhd Line: 48
    Warning (13013): Ports D and ENA on the latch are fed by the same signal present_state.IDLE File: D:/quartus2/installed/P-6318373/state_machine.vhd Line: 32
Warning (13012): Latch next_addr_w[7] has unsafe behavior File: D:/quartus2/installed/P-6318373/state_machine.vhd Line: 48
    Warning (13013): Ports D and ENA on the latch are fed by the same signal present_state.IDLE File: D:/quartus2/installed/P-6318373/state_machine.vhd Line: 32
Warning (13012): Latch next_addr_r[7] has unsafe behavior File: D:/quartus2/installed/P-6318373/state_machine.vhd Line: 48
    Warning (13013): Ports D and ENA on the latch are fed by the same signal present_state.IDLE File: D:/quartus2/installed/P-6318373/state_machine.vhd Line: 32
Warning (13012): Latch next_addr_w[8] has unsafe behavior File: D:/quartus2/installed/P-6318373/state_machine.vhd Line: 48
    Warning (13013): Ports D and ENA on the latch are fed by the same signal present_state.IDLE File: D:/quartus2/installed/P-6318373/state_machine.vhd Line: 32
Warning (13012): Latch next_addr_r[8] has unsafe behavior File: D:/quartus2/installed/P-6318373/state_machine.vhd Line: 48
    Warning (13013): Ports D and ENA on the latch are fed by the same signal present_state.IDLE File: D:/quartus2/installed/P-6318373/state_machine.vhd Line: 32
Warning (13012): Latch next_addr_w[9] has unsafe behavior File: D:/quartus2/installed/P-6318373/state_machine.vhd Line: 48
    Warning (13013): Ports D and ENA on the latch are fed by the same signal present_state.IDLE File: D:/quartus2/installed/P-6318373/state_machine.vhd Line: 32
Warning (13012): Latch next_addr_r[9] has unsafe behavior File: D:/quartus2/installed/P-6318373/state_machine.vhd Line: 48
    Warning (13013): Ports D and ENA on the latch are fed by the same signal present_state.IDLE File: D:/quartus2/installed/P-6318373/state_machine.vhd Line: 32
Warning (13012): Latch next_sig[0] has unsafe behavior File: D:/quartus2/installed/P-6318373/state_machine.vhd Line: 48
    Warning (13013): Ports D and ENA on the latch are fed by the same signal run_i File: D:/quartus2/installed/P-6318373/state_machine.vhd Line: 9
Warning (13012): Latch next_sig[1] has unsafe behavior File: D:/quartus2/installed/P-6318373/state_machine.vhd Line: 48
    Warning (13013): Ports D and ENA on the latch are fed by the same signal run_i File: D:/quartus2/installed/P-6318373/state_machine.vhd Line: 9
Warning (13012): Latch next_sig[2] has unsafe behavior File: D:/quartus2/installed/P-6318373/state_machine.vhd Line: 48
    Warning (13013): Ports D and ENA on the latch are fed by the same signal run_i File: D:/quartus2/installed/P-6318373/state_machine.vhd Line: 9
Warning (13012): Latch next_sig[3] has unsafe behavior File: D:/quartus2/installed/P-6318373/state_machine.vhd Line: 48
    Warning (13013): Ports D and ENA on the latch are fed by the same signal run_i File: D:/quartus2/installed/P-6318373/state_machine.vhd Line: 9
Warning (13012): Latch next_sig[4] has unsafe behavior File: D:/quartus2/installed/P-6318373/state_machine.vhd Line: 48
    Warning (13013): Ports D and ENA on the latch are fed by the same signal run_i File: D:/quartus2/installed/P-6318373/state_machine.vhd Line: 9
Warning (13012): Latch next_sig[5] has unsafe behavior File: D:/quartus2/installed/P-6318373/state_machine.vhd Line: 48
    Warning (13013): Ports D and ENA on the latch are fed by the same signal run_i File: D:/quartus2/installed/P-6318373/state_machine.vhd Line: 9
Warning (13012): Latch next_sig[6] has unsafe behavior File: D:/quartus2/installed/P-6318373/state_machine.vhd Line: 48
    Warning (13013): Ports D and ENA on the latch are fed by the same signal run_i File: D:/quartus2/installed/P-6318373/state_machine.vhd Line: 9
Warning (13012): Latch next_sig[7] has unsafe behavior File: D:/quartus2/installed/P-6318373/state_machine.vhd Line: 48
    Warning (13013): Ports D and ENA on the latch are fed by the same signal run_i File: D:/quartus2/installed/P-6318373/state_machine.vhd Line: 9
Warning (13012): Latch next_sig[8] has unsafe behavior File: D:/quartus2/installed/P-6318373/state_machine.vhd Line: 48
    Warning (13013): Ports D and ENA on the latch are fed by the same signal run_i File: D:/quartus2/installed/P-6318373/state_machine.vhd Line: 9
Warning (13012): Latch next_sig[9] has unsafe behavior File: D:/quartus2/installed/P-6318373/state_machine.vhd Line: 48
    Warning (13013): Ports D and ENA on the latch are fed by the same signal run_i File: D:/quartus2/installed/P-6318373/state_machine.vhd Line: 9
Info (286030): Timing-Driven Synthesis is running
Info (16010): Generating hard_block partition "hard_block:auto_generated_inst"
    Info (16011): Adding 0 node(s), including 0 DDIO, 0 PLL, 0 transceiver and 0 LCELL
Warning (21074): Design contains 1 input pin(s) that do not drive logic
    Warning (15610): No output dependent on input pin "lrq_i" File: D:/quartus2/installed/P-6318373/state_machine.vhd Line: 10
Info (21057): Implemented 233 device resources after synthesis - the final resource count might be different
    Info (21058): Implemented 34 input pins
    Info (21059): Implemented 13 output pins
    Info (21061): Implemented 186 logic cells
Info: Quartus Prime Analysis & Synthesis was successful. 0 errors, 116 warnings
    Info: Peak virtual memory: 775 megabytes
    Info: Processing ended: Sat Jun 16 22:51:25 2018
    Info: Elapsed time: 00:00:20
    Info: Total CPU time (on all processors): 00:00:32


